2017-09-28 17:45:13.179####.................event bus start............
2017-09-28 17:45:13.294####.................init listener start............
2017-09-28 17:45:13.295####.................init listener end............
2017-09-28 17:45:13.295####.................event bus end............
2017-09-28 17:50:23.430####.................event bus start............
2017-09-28 17:50:23.509####.................init listener start............
2017-09-28 17:50:23.510####.................init listener end............
2017-09-28 17:50:23.510####.................event bus end............
2017-09-28 17:51:42.286####.................event bus start............
2017-09-28 17:51:42.396####.................init listener start............
2017-09-28 17:51:42.397####.................init listener end............
2017-09-28 17:51:42.397####.................event bus end............
2017-09-28 17:51:42.449####BaseListener start process
2017-09-28 17:51:42.450####start UserListener req : Event{id=null, headers=null, replyTo=null, key=CREATE_USER, data=www.linhao007.event.model.UserEvent@22997bfc}
2017-09-28 17:51:42.450####accept userEvent message : User{name='linhao007', identityId=1234567899, age=18, sex='man'}
2017-09-28 17:51:42.450####end UserListener 
2017-09-28 17:51:42.450####BaseListener end process
2017-09-28 17:51:52.437####end
2017-09-28 19:00:35.798####.................event bus start............
2017-09-28 19:00:35.914####.................init listener start............
2017-09-28 19:00:35.915####.................init listener end............
2017-09-28 19:00:35.915####.................event bus end............
2017-09-28 19:00:35.940####end
2017-09-28 19:00:49.899####.................event bus start............
2017-09-28 19:00:50.029####.................init listener start............
2017-09-28 19:00:50.031####.................init listener end............
2017-09-28 19:00:50.031####.................event bus end............
2017-09-28 19:00:50.059####end
2017-09-28 19:01:06.404####.................event bus start............
2017-09-28 19:01:06.530####.................init listener start............
2017-09-28 19:01:06.531####.................init listener end............
2017-09-28 19:01:06.531####.................event bus end............
2017-09-28 19:01:06.585####BaseListener start process
2017-09-28 19:01:06.685####start UserListener req : {"data":{"dto":{"age":18,"identityId":1234567899,"name":"linhao007","sex":"man"}},"headers":{},"id":"53aba3c0-a43c-11e7-b6e5-c8d876b85127","key":"CREATE_USER"}
2017-09-28 19:01:06.685####accept userEvent message : {"age":18,"identityId":1234567899,"name":"linhao007","sex":"man"}
2017-09-28 19:01:06.685####end UserListener 
2017-09-28 19:01:06.685####BaseListener end process
2017-09-28 19:01:07.572####end
2017-09-28 19:15:59.855####.................event bus start............
2017-09-28 19:17:46.001####.................init listener start............
2017-09-28 19:18:06.891####.................init listener end............
2017-09-28 19:18:11.697####.................event bus end............
2017-09-28 19:18:45.640####BaseListener start process
2017-09-28 19:18:48.071####end
2017-09-28 21:10:53.982####.................event bus start............
2017-09-28 21:10:54.078####.................init listener start............
2017-09-28 21:10:54.078####发布订阅模型开始初始化
2017-09-28 21:10:54.079####请求应达模型开始初始化
2017-09-28 21:10:54.079####.................init listener end............
2017-09-28 21:10:54.079####.................event bus end............
2017-09-28 21:10:54.117####BaseReceive start process
2017-09-28 21:10:54.118####BaseReceive end process
2017-09-28 21:10:54.118####BaseListener start process
2017-09-28 21:10:54.118####返回的用户ID:1008611
2017-09-28 21:10:54.118####BaseListener end process
2017-09-28 21:10:55.107####end
2017-10-25 15:57:40.717####DrawLotteryUtils buildLotteryRange prize : [(1,20,奖品01), (2,60,奖品02), (3,5,奖品03), (4,5,奖品04), (5,10,奖品05)]  lotteryProbability : 20
2017-10-25 15:57:40.826####lottery range : [(0‥20]=1, (20‥80]=2, (80‥85]=3, (85‥90]=4, (90‥100]=5]
2017-10-25 15:57:40.827####中奖离散区间:(100,[(0‥20]=1, (20‥80]=2, (80‥85]=3, (85‥90]=4, (90‥100]=5],20)
2017-10-25 15:57:40.828####drawLottery rangeMap :[(0‥20]=1, (20‥80]=2, (80‥85]=3, (85‥90]=4, (90‥100]=5]
2017-10-25 15:57:40.828####drawLottery randNum :19
2017-10-25 15:57:40.828####drawLottery winPrizeRandNum :39
2017-10-25 15:57:40.828####获奖奖品Id:2
2017-10-25 15:59:12.833####DrawLotteryUtils buildLotteryRange prize : [(1,20,奖品01), (2,60,奖品02), (3,5,奖品03), (4,5,奖品04), (5,10,奖品05)]  lotteryProbability : 20
2017-10-25 15:59:12.924####lottery range : [(0‥20]=1, (20‥80]=2, (80‥85]=3, (85‥90]=4, (90‥100]=5]
2017-10-25 15:59:12.925####中奖离散区间:(100,[(0‥20]=1, (20‥80]=2, (80‥85]=3, (85‥90]=4, (90‥100]=5],20)
2017-10-25 15:59:12.926####未中奖
2017-10-25 15:59:12.926####未中奖
2017-10-25 15:59:12.926####未中奖
2017-10-25 15:59:12.927####未中奖
2017-10-25 15:59:12.927####未中奖
2017-10-25 15:59:12.927####drawLottery rangeMap :[(0‥20]=1, (20‥80]=2, (80‥85]=3, (85‥90]=4, (90‥100]=5]
2017-10-25 15:59:12.927####drawLottery randNum :39
2017-10-25 15:59:12.927####drawLottery winPrizeRandNum :14
2017-10-25 15:59:12.927####获奖奖品Id:1
2017-10-25 15:59:12.927####drawLottery rangeMap :[(0‥20]=1, (20‥80]=2, (80‥85]=3, (85‥90]=4, (90‥100]=5]
2017-10-25 15:59:12.927####drawLottery randNum :89
2017-10-25 15:59:12.927####drawLottery winPrizeRandNum :5
2017-10-25 15:59:12.927####获奖奖品Id:1
2017-10-25 15:59:12.927####未中奖
2017-10-25 15:59:12.927####未中奖
2017-10-25 15:59:12.928####未中奖
